High Performance MPEG 1.0/2.0/2.5 Audio Player for Layers 1, 2 and 3
	version 1.29.3; written and copyright by Michael Hipp and others
	free software (LGPL) without any warranty but with best wishes

Playing MPEG stream 1 of 1: satanist.mp3 ...

MPEG 1.0 L III cbr320 44100 j-s

	Title:   The Satanist
	Artist:  Behemoth
	Album:   The Satanist
	Year:    2014
	Genre:   Death Metal, Black Metal
	Comment:

High Performance MPEG 1.0/2.0/2.5 Audio Player for Layers 1, 2 and 3
	version 1.29.3; written and copyright by Michael Hipp and others
	free software (LGPL) without any warranty but with best wishes

Playing MPEG stream 1 of 1: satanist.mp3 ...

MPEG 1.0 L III cbr320 44100 j-s

	Title:   The Satanist
	Artist:  Behemoth
	Album:   The Satanist
	Year:    2014
	Genre:   Death Metal, Black Metal
	Comment:

kill: usage: kill [-s sigspec | -n signum | -sigspec] pid | jobspec ... or kill -l [sigspec]
High Performance MPEG 1.0/2.0/2.5 Audio Player for Layers 1, 2 and 3
	version 1.29.3; written and copyright by Michael Hipp and others
	free software (LGPL) without any warranty but with best wishes

Playing MPEG stream 1 of 1: satanist.mp3 ...

MPEG 1.0 L III cbr320 44100 j-s

	Title:   The Satanist
	Artist:  Behemoth
	Album:   The Satanist
	Year:    2014
	Genre:   Death Metal, Black Metal
	Comment: 

